<?xml version='1.0' encoding='UTF-8'?>
<testsuite hostname="DESKTOP-R25OHCE" name="AnalysesTest" tests="4" errors="0" failures="0" skipped="0" time="0.033" timestamp="2025-02-02T13:03:41">
          <properties>
[...]
</properties>
          <testcase classname="AnalysesTest" name="getSeasonWinners should retrieve winners for each season in ascending order" time="0.019">
                      
                    </testcase><testcase classname="AnalysesTest" name="getSeasonWinners should retrieve winners for each season in descending order" time="0.008">
                      
                    </testcase><testcase classname="AnalysesTest" name="getSeasonResults should return results with numbered positions" time="0.001">
                      
                    </testcase><testcase classname="AnalysesTest" name="totalPointsForDriver should return correct points or None for non-existing drivers" time="0.005">
                      
                    </testcase>
          <system-out><![CDATA[]]></system-out>
          <system-err><![CDATA[]]></system-err>
        </testsuite>